<?xml version="1.0" encoding="UTF-8"?>
<testsuite xmlns:xsi="http://www.w3.org/2001/XMLSchema-instance" xsi:noNamespaceSchemaLocation="https://maven.apache.org/surefire/maven-surefire-plugin/xsd/surefire-test-report.xsd" version="3.0.2" name="com.example.food_delivery_app.FoodDeliveryAppApplicationTests" time="2.306" tests="1" errors="0" skipped="0" failures="0">
  <properties>
[...]
</properties>
  <testcase name="contextLoads" classname="com.example.food_delivery_app.FoodDeliveryAppApplicationTests" time="0.004">
    <system-out><![CDATA[
  .   ____          _            __ _ _
 /\\ / ___'_ __ _ _(_)_ __  __ _ \ \ \ \
( ( )\___ | '_ | '_| | '_ \/ _` | \ \ \ \
 \\/  ___)| |_)| | | | | || (_| |  ) ) ) )
  '  |____| .__|_| |_|_| |_\__, | / / / /
 =========|_|==============|___/=/_/_/_/

 :: Spring Boot ::                (v3.4.4)

2025-04-30T23:18:27.147+03:00  INFO 22232 --- [           main] c.e.f.FoodDeliveryAppApplicationTests    : Starting FoodDeliveryAppApplicationTests using Java 17.0.15 with PID 22232 (started by User in D:\food-backend2\food-delivery-backend)
2025-04-30T23:18:27.147+03:00  INFO 22232 --- [           main] c.e.f.FoodDeliveryAppApplicationTests    : No active profile set, falling back to 1 default profile: "default"
2025-04-30T23:18:27.298+03:00  INFO 22232 --- [           main] com.zaxxer.hikari.HikariDataSource       : HikariPool-3 - Starting...
2025-04-30T23:18:27.754+03:00  INFO 22232 --- [           main] com.zaxxer.hikari.pool.HikariPool        : HikariPool-3 - Added connection com.mysql.cj.jdbc.ConnectionImpl@47ba8e3c
2025-04-30T23:18:27.755+03:00  INFO 22232 --- [           main] com.zaxxer.hikari.HikariDataSource       : HikariPool-3 - Start completed.
2025-04-30T23:18:27.756+03:00  WARN 22232 --- [           main] org.hibernate.orm.deprecation            : HHH90000025: MySQL8Dialect does not need to be specified explicitly using 'hibernate.dialect' (remove the property setting and it will be selected by default)
2025-04-30T23:18:27.756+03:00  WARN 22232 --- [           main] org.hibernate.orm.deprecation            : HHH90000026: MySQL8Dialect has been deprecated; use org.hibernate.dialect.MySQLDialect instead
2025-04-30T23:18:27.757+03:00 DEBUG 22232 --- [           main] o.h.t.d.sql.spi.DdlTypeRegistry          : addDescriptor(12, org.hibernate.type.descriptor.sql.internal.CapacityDependentDdlType@1638fa8b) replaced previous registration(org.hibernate.type.descriptor.sql.internal.CapacityDependentDdlType@1b60c196)
2025-04-30T23:18:27.757+03:00 DEBUG 22232 --- [           main] o.h.t.d.sql.spi.DdlTypeRegistry          : addDescriptor(-9, org.hibernate.type.descriptor.sql.internal.CapacityDependentDdlType@1c7aa676) replaced previous registration(org.hibernate.type.descriptor.sql.internal.CapacityDependentDdlType@fa200ab)
2025-04-30T23:18:27.757+03:00 DEBUG 22232 --- [           main] o.h.t.d.sql.spi.DdlTypeRegistry          : addDescriptor(-3, org.hibernate.type.descriptor.sql.internal.CapacityDependentDdlType@5e9f4f76) replaced previous registration(org.hibernate.type.descriptor.sql.internal.CapacityDependentDdlType@43ee4942)
2025-04-30T23:18:27.758+03:00 DEBUG 22232 --- [           main] o.h.t.d.sql.spi.DdlTypeRegistry          : addDescriptor(4003, org.hibernate.type.descriptor.sql.internal.DdlTypeImpl@a6e0e5f) replaced previous registration(org.hibernate.type.descriptor.sql.internal.DdlTypeImpl@15d6f0e1)
2025-04-30T23:18:27.758+03:00 DEBUG 22232 --- [           main] o.h.t.d.sql.spi.DdlTypeRegistry          : addDescriptor(4001, org.hibernate.type.descriptor.sql.internal.DdlTypeImpl@3116e9d2) replaced previous registration(org.hibernate.type.descriptor.sql.internal.DdlTypeImpl@312eb)
2025-04-30T23:18:27.758+03:00 DEBUG 22232 --- [           main] o.h.t.d.sql.spi.DdlTypeRegistry          : addDescriptor(4002, org.hibernate.type.descriptor.sql.internal.DdlTypeImpl@7a65e842) replaced previous registration(org.hibernate.type.descriptor.sql.internal.DdlTypeImpl@58965e17)
2025-04-30T23:18:27.758+03:00 DEBUG 22232 --- [           main] o.h.t.d.sql.spi.DdlTypeRegistry          : addDescriptor(2004, org.hibernate.type.descriptor.sql.internal.CapacityDependentDdlType@5e4874ae) replaced previous registration(org.hibernate.type.descriptor.sql.internal.DdlTypeImpl@4644b1c6)
2025-04-30T23:18:27.758+03:00 DEBUG 22232 --- [           main] o.h.t.d.sql.spi.DdlTypeRegistry          : addDescriptor(2005, org.hibernate.type.descriptor.sql.internal.CapacityDependentDdlType@13b666b4) replaced previous registration(org.hibernate.type.descriptor.sql.internal.DdlTypeImpl@793af433)
2025-04-30T23:18:27.759+03:00 DEBUG 22232 --- [           main] o.h.t.d.sql.spi.DdlTypeRegistry          : addDescriptor(2011, org.hibernate.type.descriptor.sql.internal.CapacityDependentDdlType@644a12be) replaced previous registration(org.hibernate.type.descriptor.sql.internal.DdlTypeImpl@7e34570)
2025-04-30T23:18:27.759+03:00 DEBUG 22232 --- [           main] o.h.t.d.jdbc.spi.JdbcTypeRegistry        : addDescriptor(NCharTypeDescriptor) replaced previous registration(CharTypeDescriptor)
2025-04-30T23:18:27.759+03:00 DEBUG 22232 --- [           main] o.h.t.d.jdbc.spi.JdbcTypeRegistry        : addDescriptor(NVarcharTypeDescriptor) replaced previous registration(VarcharTypeDescriptor)
2025-04-30T23:18:27.759+03:00 DEBUG 22232 --- [           main] o.h.t.d.jdbc.spi.JdbcTypeRegistry        : addDescriptor(LongNVarcharTypeDescriptor) replaced previous registration(LongVarcharTypeDescriptor)
2025-04-30T23:18:27.759+03:00 DEBUG 22232 --- [           main] o.h.t.d.jdbc.spi.JdbcTypeRegistry        : addDescriptor(NClobTypeDescriptor(DEFAULT)) replaced previous registration(ClobTypeDescriptor(DEFAULT))
2025-04-30T23:18:29.358+03:00  WARN 22232 --- [           main] JpaBaseConfiguration$JpaWebConfiguration : spring.jpa.open-in-view is enabled by default. Therefore, database queries may be performed during view rendering. Explicitly configure spring.jpa.open-in-view to disable this warning
2025-04-30T23:18:29.410+03:00  INFO 22232 --- [           main] c.e.f.FoodDeliveryAppApplicationTests    : Started FoodDeliveryAppApplicationTests in 2.279 seconds (process running for 13.577)
]]></system-out>
  </testcase>
</testsuite>