<?xml version="1.0" encoding="UTF-8"?>
<testsuite xmlns:xsi="http://www.w3.org/2001/XMLSchema-instance" xsi:noNamespaceSchemaLocation="https://maven.apache.org/surefire/maven-surefire-plugin/xsd/surefire-test-report.xsd" version="3.0.2" name="com.example.food_delivery_app.controllers.UserEntityControllerIntegrationTest" time="10.866" tests="1" errors="0" skipped="0" failures="1">
  <properties>
[...]
</properties>
  <testcase name="testThatUserCanBeCreatedSuccesfullyReturnsHttp201Created" classname="com.example.food_delivery_app.controllers.UserEntityControllerIntegrationTest" time="2.963">
    <failure message="Status expected:&lt;201&gt; but was:&lt;405&gt;" type="java.lang.AssertionError"><![CDATA[java.lang.AssertionError: Status expected:<201> but was:<405>
	at org.springframework.test.util.AssertionErrors.fail(AssertionErrors.java:61)
	at org.springframework.test.util.AssertionErrors.assertEquals(AssertionErrors.java:128)
	at org.springframework.test.web.servlet.result.StatusResultMatchers.lambda$matcher$9(StatusResultMatchers.java:640)
	at org.springframework.test.web.servlet.MockMvc$1.andExpect(MockMvc.java:214)
	at com.example.food_delivery_app.controllers.UserEntityControllerIntegrationTest.testThatUserCanBeCreatedSuccesfullyReturnsHttp201Created(UserEntityControllerIntegrationTest.java:51)
	at java.base/java.lang.reflect.Method.invoke(Method.java:569)
	at java.base/java.util.ArrayList.forEach(ArrayList.java:1511)
	at java.base/java.util.ArrayList.forEach(ArrayList.java:1511)
]]></failure>
    <system-out><![CDATA[23:18:16.348 [main] INFO org.springframework.test.context.support.AnnotationConfigContextLoaderUtils -- Could not detect default configuration classes for test class [com.example.food_delivery_app.controllers.UserEntityControllerIntegrationTest]: UserEntityControllerIntegrationTest does not declare any static, non-private, non-final, nested classes annotated with @Configuration.
23:18:16.456 [main] INFO org.springframework.boot.test.context.SpringBootTestContextBootstrapper -- Found @SpringBootConfiguration com.example.food_delivery_app.FoodDeliveryAppApplication for test class com.example.food_delivery_app.controllers.UserEntityControllerIntegrationTest

  .   ____          _            __ _ _
 /\\ / ___'_ __ _ _(_)_ __  __ _ \ \ \ \
( ( )\___ | '_ | '_| | '_ \/ _` | \ \ \ \
 \\/  ___)| |_)| | | | | || (_| |  ) ) ) )
  '  |____| .__|_| |_|_| |_\__, | / / / /
 =========|_|==============|___/=/_/_/_/

 :: Spring Boot ::                (v3.4.4)

2025-04-30T23:18:16.777+03:00  INFO 22232 --- [           main] .f.c.UserEntityControllerIntegrationTest : Starting UserEntityControllerIntegrationTest using Java 17.0.15 with PID 22232 (started by User in D:\food-backend2\food-delivery-backend)
2025-04-30T23:18:16.778+03:00  INFO 22232 --- [           main] .f.c.UserEntityControllerIntegrationTest : No active profile set, falling back to 1 default profile: "default"
2025-04-30T23:18:19.428+03:00  INFO 22232 --- [           main] com.zaxxer.hikari.HikariDataSource       : HikariPool-1 - Starting...
2025-04-30T23:18:20.177+03:00  INFO 22232 --- [           main] com.zaxxer.hikari.pool.HikariPool        : HikariPool-1 - Added connection com.mysql.cj.jdbc.ConnectionImpl@3f6906f4
2025-04-30T23:18:20.180+03:00  INFO 22232 --- [           main] com.zaxxer.hikari.HikariDataSource       : HikariPool-1 - Start completed.
2025-04-30T23:18:20.202+03:00  WARN 22232 --- [           main] org.hibernate.orm.deprecation            : HHH90000025: MySQL8Dialect does not need to be specified explicitly using 'hibernate.dialect' (remove the property setting and it will be selected by default)
2025-04-30T23:18:20.204+03:00  WARN 22232 --- [           main] org.hibernate.orm.deprecation            : HHH90000026: MySQL8Dialect has been deprecated; use org.hibernate.dialect.MySQLDialect instead
2025-04-30T23:18:20.279+03:00 DEBUG 22232 --- [           main] o.h.t.d.sql.spi.DdlTypeRegistry          : addDescriptor(12, org.hibernate.type.descriptor.sql.internal.CapacityDependentDdlType@321b7b9e) replaced previous registration(org.hibernate.type.descriptor.sql.internal.CapacityDependentDdlType@21eedcde)
2025-04-30T23:18:20.280+03:00 DEBUG 22232 --- [           main] o.h.t.d.sql.spi.DdlTypeRegistry          : addDescriptor(-9, org.hibernate.type.descriptor.sql.internal.CapacityDependentDdlType@67396475) replaced previous registration(org.hibernate.type.descriptor.sql.internal.CapacityDependentDdlType@55b74e6b)
2025-04-30T23:18:20.280+03:00 DEBUG 22232 --- [           main] o.h.t.d.sql.spi.DdlTypeRegistry          : addDescriptor(-3, org.hibernate.type.descriptor.sql.internal.CapacityDependentDdlType@3c1908c8) replaced previous registration(org.hibernate.type.descriptor.sql.internal.CapacityDependentDdlType@6bc62bb9)
2025-04-30T23:18:20.280+03:00 DEBUG 22232 --- [           main] o.h.t.d.sql.spi.DdlTypeRegistry          : addDescriptor(4003, org.hibernate.type.descriptor.sql.internal.DdlTypeImpl@47f0e078) replaced previous registration(org.hibernate.type.descriptor.sql.internal.DdlTypeImpl@28db2afb)
2025-04-30T23:18:20.280+03:00 DEBUG 22232 --- [           main] o.h.t.d.sql.spi.DdlTypeRegistry          : addDescriptor(4001, org.hibernate.type.descriptor.sql.internal.DdlTypeImpl@5c703860) replaced previous registration(org.hibernate.type.descriptor.sql.internal.DdlTypeImpl@6315bb4)
2025-04-30T23:18:20.281+03:00 DEBUG 22232 --- [           main] o.h.t.d.sql.spi.DdlTypeRegistry          : addDescriptor(4002, org.hibernate.type.descriptor.sql.internal.DdlTypeImpl@4682882a) replaced previous registration(org.hibernate.type.descriptor.sql.internal.DdlTypeImpl@37fffef3)
2025-04-30T23:18:20.281+03:00 DEBUG 22232 --- [           main] o.h.t.d.sql.spi.DdlTypeRegistry          : addDescriptor(2004, org.hibernate.type.descriptor.sql.internal.CapacityDependentDdlType@6a116354) replaced previous registration(org.hibernate.type.descriptor.sql.internal.DdlTypeImpl@66716959)
2025-04-30T23:18:20.281+03:00 DEBUG 22232 --- [           main] o.h.t.d.sql.spi.DdlTypeRegistry          : addDescriptor(2005, org.hibernate.type.descriptor.sql.internal.CapacityDependentDdlType@34e07e65) replaced previous registration(org.hibernate.type.descriptor.sql.internal.DdlTypeImpl@7ca0166c)
2025-04-30T23:18:20.281+03:00 DEBUG 22232 --- [           main] o.h.t.d.sql.spi.DdlTypeRegistry          : addDescriptor(2011, org.hibernate.type.descriptor.sql.internal.CapacityDependentDdlType@1dcad16f) replaced previous registration(org.hibernate.type.descriptor.sql.internal.DdlTypeImpl@701c482e)
2025-04-30T23:18:20.289+03:00 DEBUG 22232 --- [           main] o.h.t.d.jdbc.spi.JdbcTypeRegistry        : addDescriptor(NCharTypeDescriptor) replaced previous registration(CharTypeDescriptor)
2025-04-30T23:18:20.290+03:00 DEBUG 22232 --- [           main] o.h.t.d.jdbc.spi.JdbcTypeRegistry        : addDescriptor(NVarcharTypeDescriptor) replaced previous registration(VarcharTypeDescriptor)
2025-04-30T23:18:20.291+03:00 DEBUG 22232 --- [           main] o.h.t.d.jdbc.spi.JdbcTypeRegistry        : addDescriptor(LongNVarcharTypeDescriptor) replaced previous registration(LongVarcharTypeDescriptor)
2025-04-30T23:18:20.298+03:00 DEBUG 22232 --- [           main] o.h.t.d.jdbc.spi.JdbcTypeRegistry        : addDescriptor(NClobTypeDescriptor(DEFAULT)) replaced previous registration(ClobTypeDescriptor(DEFAULT))
2025-04-30T23:18:23.530+03:00  WARN 22232 --- [           main] JpaBaseConfiguration$JpaWebConfiguration : spring.jpa.open-in-view is enabled by default. Therefore, database queries may be performed during view rendering. Explicitly configure spring.jpa.open-in-view to disable this warning
2025-04-30T23:18:24.111+03:00  INFO 22232 --- [           main] .f.c.UserEntityControllerIntegrationTest : Started UserEntityControllerIntegrationTest in 7.552 seconds (process running for 8.278)
2025-04-30T23:18:24.140+03:00  INFO 22232 --- [           main] com.zaxxer.hikari.HikariDataSource       : HikariPool-1 - Shutdown initiated...
2025-04-30T23:18:24.596+03:00  INFO 22232 --- [           main] com.zaxxer.hikari.HikariDataSource       : HikariPool-1 - Shutdown completed.

  .   ____          _            __ _ _
 /\\ / ___'_ __ _ _(_)_ __  __ _ \ \ \ \
( ( )\___ | '_ | '_| | '_ \/ _` | \ \ \ \
 \\/  ___)| |_)| | | | | || (_| |  ) ) ) )
  '  |____| .__|_| |_|_| |_\__, | / / / /
 =========|_|==============|___/=/_/_/_/

 :: Spring Boot ::                (v3.4.4)

2025-04-30T23:18:24.622+03:00  INFO 22232 --- [           main] .f.c.UserEntityControllerIntegrationTest : Starting UserEntityControllerIntegrationTest using Java 17.0.15 with PID 22232 (started by User in D:\food-backend2\food-delivery-backend)
2025-04-30T23:18:24.623+03:00  INFO 22232 --- [           main] .f.c.UserEntityControllerIntegrationTest : No active profile set, falling back to 1 default profile: "default"
2025-04-30T23:18:24.840+03:00  INFO 22232 --- [           main] com.zaxxer.hikari.HikariDataSource       : HikariPool-2 - Starting...
2025-04-30T23:18:25.296+03:00  INFO 22232 --- [           main] com.zaxxer.hikari.pool.HikariPool        : HikariPool-2 - Added connection com.mysql.cj.jdbc.ConnectionImpl@2c62f56f
2025-04-30T23:18:25.296+03:00  INFO 22232 --- [           main] com.zaxxer.hikari.HikariDataSource       : HikariPool-2 - Start completed.
2025-04-30T23:18:25.297+03:00  WARN 22232 --- [           main] org.hibernate.orm.deprecation            : HHH90000025: MySQL8Dialect does not need to be specified explicitly using 'hibernate.dialect' (remove the property setting and it will be selected by default)
2025-04-30T23:18:25.298+03:00  WARN 22232 --- [           main] org.hibernate.orm.deprecation            : HHH90000026: MySQL8Dialect has been deprecated; use org.hibernate.dialect.MySQLDialect instead
2025-04-30T23:18:25.299+03:00 DEBUG 22232 --- [           main] o.h.t.d.sql.spi.DdlTypeRegistry          : addDescriptor(12, org.hibernate.type.descriptor.sql.internal.CapacityDependentDdlType@da09b52) replaced previous registration(org.hibernate.type.descriptor.sql.internal.CapacityDependentDdlType@3652ce04)
2025-04-30T23:18:25.300+03:00 DEBUG 22232 --- [           main] o.h.t.d.sql.spi.DdlTypeRegistry          : addDescriptor(-9, org.hibernate.type.descriptor.sql.internal.CapacityDependentDdlType@40d1e561) replaced previous registration(org.hibernate.type.descriptor.sql.internal.CapacityDependentDdlType@7afffc81)
2025-04-30T23:18:25.300+03:00 DEBUG 22232 --- [           main] o.h.t.d.sql.spi.DdlTypeRegistry          : addDescriptor(-3, org.hibernate.type.descriptor.sql.internal.CapacityDependentDdlType@730c9287) replaced previous registration(org.hibernate.type.descriptor.sql.internal.CapacityDependentDdlType@530e500c)
2025-04-30T23:18:25.300+03:00 DEBUG 22232 --- [           main] o.h.t.d.sql.spi.DdlTypeRegistry          : addDescriptor(4003, org.hibernate.type.descriptor.sql.internal.DdlTypeImpl@1c3b4de1) replaced previous registration(org.hibernate.type.descriptor.sql.internal.DdlTypeImpl@1925b113)
2025-04-30T23:18:25.301+03:00 DEBUG 22232 --- [           main] o.h.t.d.sql.spi.DdlTypeRegistry          : addDescriptor(4001, org.hibernate.type.descriptor.sql.internal.DdlTypeImpl@eaa901a) replaced previous registration(org.hibernate.type.descriptor.sql.internal.DdlTypeImpl@2f053ff3)
2025-04-30T23:18:25.301+03:00 DEBUG 22232 --- [           main] o.h.t.d.sql.spi.DdlTypeRegistry          : addDescriptor(4002, org.hibernate.type.descriptor.sql.internal.DdlTypeImpl@69173bb7) replaced previous registration(org.hibernate.type.descriptor.sql.internal.DdlTypeImpl@5d0ea2af)
2025-04-30T23:18:25.301+03:00 DEBUG 22232 --- [           main] o.h.t.d.sql.spi.DdlTypeRegistry          : addDescriptor(2004, org.hibernate.type.descriptor.sql.internal.CapacityDependentDdlType@7fec354) replaced previous registration(org.hibernate.type.descriptor.sql.internal.DdlTypeImpl@1828eff)
2025-04-30T23:18:25.302+03:00 DEBUG 22232 --- [           main] o.h.t.d.sql.spi.DdlTypeRegistry          : addDescriptor(2005, org.hibernate.type.descriptor.sql.internal.CapacityDependentDdlType@5118c7fb) replaced previous registration(org.hibernate.type.descriptor.sql.internal.DdlTypeImpl@792b0cad)
2025-04-30T23:18:25.302+03:00 DEBUG 22232 --- [           main] o.h.t.d.sql.spi.DdlTypeRegistry          : addDescriptor(2011, org.hibernate.type.descriptor.sql.internal.CapacityDependentDdlType@8be84bf) replaced previous registration(org.hibernate.type.descriptor.sql.internal.DdlTypeImpl@1d5e0621)
2025-04-30T23:18:25.302+03:00 DEBUG 22232 --- [           main] o.h.t.d.jdbc.spi.JdbcTypeRegistry        : addDescriptor(NCharTypeDescriptor) replaced previous registration(CharTypeDescriptor)
2025-04-30T23:18:25.302+03:00 DEBUG 22232 --- [           main] o.h.t.d.jdbc.spi.JdbcTypeRegistry        : addDescriptor(NVarcharTypeDescriptor) replaced previous registration(VarcharTypeDescriptor)
2025-04-30T23:18:25.303+03:00 DEBUG 22232 --- [           main] o.h.t.d.jdbc.spi.JdbcTypeRegistry        : addDescriptor(LongNVarcharTypeDescriptor) replaced previous registration(LongVarcharTypeDescriptor)
2025-04-30T23:18:25.303+03:00 DEBUG 22232 --- [           main] o.h.t.d.jdbc.spi.JdbcTypeRegistry        : addDescriptor(NClobTypeDescriptor(DEFAULT)) replaced previous registration(ClobTypeDescriptor(DEFAULT))
2025-04-30T23:18:26.896+03:00  WARN 22232 --- [           main] JpaBaseConfiguration$JpaWebConfiguration : spring.jpa.open-in-view is enabled by default. Therefore, database queries may be performed during view rendering. Explicitly configure spring.jpa.open-in-view to disable this warning
2025-04-30T23:18:26.960+03:00  INFO 22232 --- [           main] .f.c.UserEntityControllerIntegrationTest : Started UserEntityControllerIntegrationTest in 2.359 seconds (process running for 11.126)
2025-04-30T23:18:27.072+03:00  WARN 22232 --- [           main] .w.s.m.s.DefaultHandlerExceptionResolver : Resolved [org.springframework.web.HttpRequestMethodNotSupportedException: Request method 'POST' is not supported]

MockHttpServletRequest:
      HTTP Method = POST
      Request URI = /users/signup
       Parameters = {}
          Headers = [Content-Type:"application/json;charset=UTF-8", Content-Length:"144"]
             Body = {"id":0,"username":"testUserA","password":"<PASSWORD>","userEmail":"<EMAIL>","userPhoneNumber":"1234567890","role":null,"adminPermissions":null}
    Session Attrs = {}

Handler:
             Type = null

Async:
    Async started = false
     Async result = null

Resolved Exception:
             Type = org.springframework.web.HttpRequestMethodNotSupportedException

ModelAndView:
        View name = null
             View = null
            Model = null

FlashMap:
       Attributes = null

MockHttpServletResponse:
           Status = 405
    Error message = Method 'POST' is not supported.
          Headers = [Allow:"PUT"]
     Content type = null
             Body = 
    Forwarded URL = null
   Redirected URL = null
          Cookies = []
]]></system-out>
  </testcase>
</testsuite>